[01m[K/home/sebastian/ros_ws/src/localization_data_pub/src/odom_pub.cpp:[m[K In member function â€˜[01m[Kbool OdomCalc::init()[m[Kâ€™:
[01m[K/home/sebastian/ros_ws/src/localization_data_pub/src/odom_pub.cpp:18:16:[m[K [01;31m[Kerror: [m[Kno match for â€˜[01m[Koperator=[m[Kâ€™ (operand types are â€˜[01m[Kstd_msgs::Int16[m[Kâ€™ {aka â€˜[01m[Kstd_msgs::Int16_<std::allocator<void> >[m[Kâ€™} and â€˜[01m[Kint[m[Kâ€™)
   18 |   cycleAngle = [01;31m[K0[m[K;
      |                [01;31m[K^[m[K
In file included from [01m[K/home/sebastian/ros_ws/src/localization_data_pub/include/localization_data_pub/odom_pub.h:5[m[K,
                 from [01m[K/home/sebastian/ros_ws/src/localization_data_pub/src/odom_pub.cpp:1[m[K:
[01m[K/opt/ros/noetic/include/std_msgs/Int16.h:22:8:[m[K [01;36m[Knote: [m[Kcandidate: â€˜[01m[Kstd_msgs::Int16_<std::allocator<void> >& std_msgs::Int16_<std::allocator<void> >::operator=(const std_msgs::Int16_<std::allocator<void> >&)[m[Kâ€™
   22 | struct [01;36m[KInt16_[m[K
      |        [01;36m[K^~~~~~[m[K
[01m[K/opt/ros/noetic/include/std_msgs/Int16.h:22:8:[m[K [01;36m[Knote: [m[K  no known conversion for argument 1 from â€˜[01m[Kint[m[Kâ€™ to â€˜[01m[Kconst std_msgs::Int16_<std::allocator<void> >&[m[Kâ€™
[01m[K/opt/ros/noetic/include/std_msgs/Int16.h:22:8:[m[K [01;36m[Knote: [m[Kcandidate: â€˜[01m[Kstd_msgs::Int16_<std::allocator<void> >& std_msgs::Int16_<std::allocator<void> >::operator=(std_msgs::Int16_<std::allocator<void> >&&)[m[Kâ€™
[01m[K/opt/ros/noetic/include/std_msgs/Int16.h:22:8:[m[K [01;36m[Knote: [m[K  no known conversion for argument 1 from â€˜[01m[Kint[m[Kâ€™ to â€˜[01m[Kstd_msgs::Int16_<std::allocator<void> >&&[m[Kâ€™
make[2]: *** [CMakeFiles/localization_data_pub.dir/build.make:63: CMakeFiles/localization_data_pub.dir/src/odom_pub.cpp.o] Error 1
make[1]: *** [CMakeFiles/Makefile2:199: CMakeFiles/localization_data_pub.dir/all] Error 2
make: *** [Makefile:141: all] Error 2
