[01m[K/home/sebastian/ros_ws/src/localization_data_pub/src/odom_pub.cpp:[m[K In member function â€˜[01m[Kvoid OdomCalc::set_initial_2d(const PoseStamped&)[m[Kâ€™:
[01m[K/home/sebastian/ros_ws/src/localization_data_pub/src/odom_pub.cpp:50:3:[m[K [01;31m[Kerror: [m[Kâ€˜[01m[KinitialPoseRecieved[m[Kâ€™ was not declared in this scope
   50 |   [01;31m[KinitialPoseRecieved[m[K = true;
      |   [01;31m[K^~~~~~~~~~~~~~~~~~~[m[K
make[2]: *** [CMakeFiles/localization_data_pub.dir/build.make:63: CMakeFiles/localization_data_pub.dir/src/odom_pub.cpp.o] Error 1
make[1]: *** [CMakeFiles/Makefile2:1726: CMakeFiles/localization_data_pub.dir/all] Error 2
make: *** [Makefile:141: all] Error 2
