[01m[K/home/sebastian/ros_ws/src/mobile_robot/src/mobilerobot_drive.cpp:[m[K In member function â€˜[01m[Kbool MobileRobot::init()[m[Kâ€™:
[01m[K/home/sebastian/ros_ws/src/mobile_robot/src/mobilerobot_drive.cpp:26:5:[m[K [01;31m[Kerror: [m[Kâ€˜[01m[Kbrightness[m[Kâ€™ was not declared in this scope
   26 |     [01;31m[Kbrightness[m[K = 0;
      |     [01;31m[K^~~~~~~~~~[m[K
[01m[K/home/sebastian/ros_ws/src/mobile_robot/src/mobilerobot_drive.cpp:[m[K In member function â€˜[01m[Kvoid MobileRobot::rangeMsgcallBack(const Range&)[m[Kâ€™:
[01m[K/home/sebastian/ros_ws/src/mobile_robot/src/mobilerobot_drive.cpp:39:3:[m[K [01;31m[Kerror: [m[Kâ€˜[01m[Kscan_data[m[Kâ€™ was not declared in this scope; did you mean â€˜[01m[KscanData[m[Kâ€™?
   39 |   [01;31m[Kscan_data[m[K = msg.range;
      |   [01;31m[K^~~~~~~~~[m[K
      |   [32m[KscanData[m[K
[01m[K/home/sebastian/ros_ws/src/mobile_robot/src/mobilerobot_drive.cpp:[m[K In member function â€˜[01m[Kvoid MobileRobot::infraMsgcallBack(const Range&)[m[Kâ€™:
[01m[K/home/sebastian/ros_ws/src/mobile_robot/src/mobilerobot_drive.cpp:46:5:[m[K [01;31m[Kerror: [m[Kâ€˜[01m[Kbrightness[m[Kâ€™ was not declared in this scope
   46 |     [01;31m[Kbrightness[m[K = HELL;
      |     [01;31m[K^~~~~~~~~~[m[K
[01m[K/home/sebastian/ros_ws/src/mobile_robot/src/mobilerobot_drive.cpp:49:5:[m[K [01;31m[Kerror: [m[Kâ€˜[01m[Kbrightness[m[Kâ€™ was not declared in this scope
   49 |     [01;31m[Kbrightness[m[K = DUNKEL;
      |     [01;31m[K^~~~~~~~~~[m[K
make[2]: *** [CMakeFiles/mobile_robot.dir/build.make:63: CMakeFiles/mobile_robot.dir/src/mobilerobot_drive.cpp.o] Error 1
make[1]: *** [CMakeFiles/Makefile2:209: CMakeFiles/mobile_robot.dir/all] Error 2
make: *** [Makefile:141: all] Error 2
