[01m[K/home/sebastian/ros_ws/src/mobile_robot/src/mobilerobot_drive.cpp:[m[K In member function â€˜[01m[Kvoid MobileRobot::updatecommandVelocity(double, double)[m[Kâ€™:
[01m[K/home/sebastian/ros_ws/src/mobile_robot/src/mobilerobot_drive.cpp:32:3:[m[K [01;31m[Kerror: [m[Kexpected initializer before â€˜[01m[Kgeometry_msgs[m[Kâ€™
   32 |   [01;31m[Kgeometry_msgs[m[K::Twist cmd_vel;
      |   [01;31m[K^~~~~~~~~~~~~[m[K
[01m[K/home/sebastian/ros_ws/src/mobile_robot/src/mobilerobot_drive.cpp:33:3:[m[K [01;31m[Kerror: [m[Kâ€˜[01m[Kcmd_vel[m[Kâ€™ was not declared in this scope; did you mean â€˜[01m[Kcmd_vel_pub[m[Kâ€™?
   33 |   [01;31m[Kcmd_vel[m[K.linear.x  = linear;
      |   [01;31m[K^~~~~~~[m[K
      |   [32m[Kcmd_vel_pub[m[K
[01m[K/home/sebastian/ros_ws/src/mobile_robot/src/mobilerobot_drive.cpp:[m[K At global scope:
[01m[K/home/sebastian/ros_ws/src/mobile_robot/src/mobilerobot_drive.cpp:38:6:[m[K [01;31m[Kerror: [m[Kno declaration matches â€˜[01m[Kvoid MobileRobot::rangeMsgcallBack(std_msgs::Float32MultiArray&)[m[Kâ€™
   38 | void [01;31m[KMobileRobot[m[K::rangeMsgcallBack(std_msgs::Float32MultiArray &msg){
      |      [01;31m[K^~~~~~~~~~~[m[K
In file included from [01m[K/home/sebastian/ros_ws/src/mobile_robot/src/mobilerobot_drive.cpp:1[m[K:
[01m[K/home/sebastian/ros_ws/src/mobile_robot/include/mobile_robot/mobilerobot_drive.h:39:9:[m[K [01;36m[Knote: [m[Kcandidate is: â€˜[01m[Kvoid MobileRobot::rangeMsgcallBack(const Float32MultiArray&)[m[Kâ€™
   39 |    void [01;36m[KrangeMsgcallBack[m[K(const std_msgs::Float32MultiArray &msg);
      |         [01;36m[K^~~~~~~~~~~~~~~~[m[K
[01m[K/home/sebastian/ros_ws/src/mobile_robot/include/mobile_robot/mobilerobot_drive.h:16:7:[m[K [01;36m[Knote: [m[Kâ€˜[01m[Kclass MobileRobot[m[Kâ€™ defined here
   16 | class [01;36m[KMobileRobot[m[K{
      |       [01;36m[K^~~~~~~~~~~[m[K
make[2]: *** [CMakeFiles/mobile_robot.dir/build.make:63: CMakeFiles/mobile_robot.dir/src/mobilerobot_drive.cpp.o] Error 1
make[1]: *** [CMakeFiles/Makefile2:209: CMakeFiles/mobile_robot.dir/all] Error 2
make: *** [Makefile:141: all] Error 2
