[01m[K/home/sebastian/ros_ws/src/mobile_robot/src/mobilerobot_drive.cpp:[m[K In member function â€˜[01m[Kbool MobileRobot::init()[m[Kâ€™:
[01m[K/home/sebastian/ros_ws/src/mobile_robot/src/mobilerobot_drive.cpp:21:5:[m[K [01;31m[Kerror: [m[Kâ€˜[01m[Kodom_data_sub[m[Kâ€™ was not declared in this scope; did you mean â€˜[01m[Kodom_sub[m[Kâ€™?
   21 |     [01;31m[Kodom_data_sub[m[K = nh.subscribe("/odom_euler", 10, &MobileRobot::odomMsgCallBack, this);
      |     [01;31m[K^~~~~~~~~~~~~[m[K
      |     [32m[Kodom_sub[m[K
make[2]: *** [CMakeFiles/mobile_robot.dir/build.make:63: CMakeFiles/mobile_robot.dir/src/mobilerobot_drive.cpp.o] Error 1
make[1]: *** [CMakeFiles/Makefile2:209: CMakeFiles/mobile_robot.dir/all] Error 2
make: *** [Makefile:141: all] Error 2
