[01m[K/home/sebastian/ros_ws/src/mobile_robot/src/mobilerobot_drive.cpp:[m[K In function â€˜[01m[Kint main(int, char**)[m[Kâ€™:
[01m[K/home/sebastian/ros_ws/src/mobile_robot/src/mobilerobot_drive.cpp:73:46:[m[K [01;31m[Kerror: [m[Kcannot call member function â€˜[01m[Kbool MobileRobot::controlLoop()[m[Kâ€™ without object
   73 |     continueRobot = MobileRobot::controlLoop([01;31m[K)[m[K;
      |                                              [01;31m[K^[m[K
make[2]: *** [CMakeFiles/mobile_robot.dir/build.make:63: CMakeFiles/mobile_robot.dir/src/mobilerobot_drive.cpp.o] Error 1
make[1]: *** [CMakeFiles/Makefile2:209: CMakeFiles/mobile_robot.dir/all] Error 2
make: *** [Makefile:141: all] Error 2
