In file included from [01m[K/home/sebastian/ros_ws/src/mobile_robot/src/mobilerobot_drive.cpp:1[m[K:
[01m[K/home/sebastian/ros_ws/src/mobile_robot/include/mobile_robot/mobilerobot_drive.h:23:2:[m[K [01;31m[Kerror: [m[Kâ€˜[01m[Kprvate[m[Kâ€™ does not name a type
   23 |  [01;31m[Kprvate[m[K:
      |  [01;31m[K^~~~~~[m[K
[01m[K/home/sebastian/ros_ws/src/mobile_robot/src/mobilerobot_drive.cpp:[m[K In member function â€˜[01m[Kbool MobileRobot::init()[m[Kâ€™:
[01m[K/home/sebastian/ros_ws/src/mobile_robot/src/mobilerobot_drive.cpp:18:17:[m[K [01;31m[Kerror: [m[Kâ€˜[01m[Knh[m[Kâ€™ was not declared in this scope
   18 |   cmd_vel_pub = [01;31m[Knh[m[K.advertise<geometry_msgs::Twist>("cmd_vel", 1);
      |                 [01;31m[K^~[m[K
[01m[K/home/sebastian/ros_ws/src/mobile_robot/src/mobilerobot_drive.cpp:18:50:[m[K [01;31m[Kerror: [m[Kexpected primary-expression before â€˜[01m[K>[m[Kâ€™ token
   18 |   cmd_vel_pub = nh.advertise<geometry_msgs::Twist[01;31m[K>[m[K("cmd_vel", 1);
      |                                                  [01;31m[K^[m[K
[01m[K/home/sebastian/ros_ws/src/mobile_robot/src/mobilerobot_drive.cpp:[m[K In member function â€˜[01m[Kvoid MobileRobot::rangeMsgcallBack(const Float32MultiArray&)[m[Kâ€™:
[01m[K/home/sebastian/ros_ws/src/mobile_robot/src/mobilerobot_drive.cpp:39:20:[m[K [01;31m[Kerror: [m[Kincompatible types in assignment of â€˜[01m[Kconst _data_type[m[Kâ€™ {aka â€˜[01m[Kconst std::vector<float>[m[Kâ€™} to â€˜[01m[Kfloat [3][m[Kâ€™
   39 |   range_data = msg.[01;31m[Kdata[m[K
      |                    [01;31m[K^~~~[m[K
make[2]: *** [CMakeFiles/mobile_robot.dir/build.make:63: CMakeFiles/mobile_robot.dir/src/mobilerobot_drive.cpp.o] Error 1
make[1]: *** [CMakeFiles/Makefile2:209: CMakeFiles/mobile_robot.dir/all] Error 2
make: *** [Makefile:141: all] Error 2
